\BOOKMARK [0][-]{section*.1}{Contents}{}% 1
\BOOKMARK [1][-]{section.0.1}{Introduction}{section*.1}% 2
\BOOKMARK [1][-]{section.0.2}{On capacitance, MOSFETs, and regions}{section*.1}% 3
\BOOKMARK [1][-]{section.0.3}{Subthreshold behavior}{section*.1}% 4
\BOOKMARK [1][-]{section.0.4}{Above threshold behavior}{section*.1}% 5
\BOOKMARK [1][-]{section.0.5}{Logarithmic I/V converter}{section*.1}% 6
\BOOKMARK [1][-]{section.0.6}{Current source}{section*.1}% 7
\BOOKMARK [1][-]{section.0.7}{Current Mirror}{section*.1}% 8
\BOOKMARK [1][-]{section.0.8}{Source Follower}{section*.1}% 9
\BOOKMARK [1][-]{section.0.9}{Differential Pair}{section*.1}% 10
\BOOKMARK [1][-]{section.0.10}{Current Conveyor}{section*.1}% 11
\BOOKMARK [1][-]{section.0.11}{Current Correlator}{section*.1}% 12
\BOOKMARK [1][-]{section.0.12}{Bump Circuit}{section*.1}% 13
\BOOKMARK [1][-]{section.0.13}{Transconductance Amplifier}{section*.1}% 14
\BOOKMARK [1][-]{section.0.14}{Wide Range Transconductance Amplifier}{section*.1}% 15
\BOOKMARK [1][-]{section.0.15}{Current Divider}{section*.1}% 16
\BOOKMARK [1][-]{section.0.16}{Winner-take-all circuit \(WTA\)}{section*.1}% 17
\BOOKMARK [1][-]{section.0.17}{Photodiodes, photoreceptor}{section*.1}% 18
\BOOKMARK [1][-]{section.0.18}{Silicon Neurons}{section*.1}% 19
\BOOKMARK [1][-]{section.0.19}{Important Values to Remember}{section*.1}% 20
\BOOKMARK [1][-]{section.0.20}{Exam Questions}{section*.1}% 21
\BOOKMARK [1][-]{section.0.21}{Lab Questions}{section*.1}% 22
\BOOKMARK [1][-]{section.0.22}{Glossary}{section*.1}% 23
\BOOKMARK [1][-]{section.0.23}{TODO}{section*.1}% 24
\BOOKMARK [0][-]{section*.120}{Bibliography}{}% 25
